<?xml version="1.0" encoding="UTF-8"?>
<!-- Generated by org.testng.reporters.JUnitReportReporter -->
<testsuite hostname="DESKTOP-QQJG5DE" failures="0" tests="2" name="com.SocietyManagementSystem.testscript.Transaction.Tc_Login_01_Integration_Test" time="24.327" errors="0" timestamp="2023-01-11T10:58:19 IST" skipped="0">
  <testcase classname="com.SocietyManagementSystem.testscript.Transaction.Tc_Login_01_Integration_Test" name="Login01" time="11.410"/>
  <system-out/>
  <testcase classname="com.SocietyManagementSystem.testscript.Transaction.Tc_Login_01_Integration_Test" name="Login01" time="12.917"/>
  <system-out/>
</testsuite> <!-- com.SocietyManagementSystem.testscript.Transaction.Tc_Login_01_Integration_Test -->
