<?xml version="1.0" encoding="UTF-8"?>
<!-- Generated by org.testng.reporters.JUnitReportReporter -->
<testsuite hostname="DESKTOP-QQJG5DE" failures="0" tests="3" name="SamplePracticeTestng.Demo" time="63.126" errors="0" timestamp="2023-01-06T16:11:45 IST" skipped="0">
  <testcase classname="SamplePracticeTestng.Demo" name="updateStudent" time="20.759"/>
  <system-out>
    <![CDATA[Student Updated]]>
  </system-out>
  <testcase classname="SamplePracticeTestng.Demo" name="deleteStudent" time="20.698"/>
  <system-out>
    <![CDATA[Student Deleted]]>
  </system-out>
  <testcase classname="SamplePracticeTestng.Demo" name="createStudent" time="21.669"/>
  <system-out>
    <![CDATA[Student Created]]>
  </system-out>
</testsuite> <!-- SamplePracticeTestng.Demo -->
