<?xml version="1.0" encoding="UTF-8"?>
<!-- Generated by org.testng.reporters.JUnitReportReporter -->
<testsuite hostname="DESKTOP-QQJG5DE" failures="0" tests="4" name="SamplePracticeTestng.SampleTestNGTest2" time="0.031" errors="0" timestamp="2023-01-10T13:02:16 IST" skipped="0">
  <testcase classname="SamplePracticeTestng.SampleTestNGTest2" name="TestScript3" time="0.006"/>
  <system-out/>
  <testcase classname="SamplePracticeTestng.SampleTestNGTest2" name="TestScript4" time="0.005"/>
  <system-out/>
  <testcase classname="SamplePracticeTestng.SampleTestNGTest2" name="TestScript3" time="0.006"/>
  <system-out/>
  <testcase classname="SamplePracticeTestng.SampleTestNGTest2" name="TestScript4" time="0.014"/>
  <system-out/>
</testsuite> <!-- SamplePracticeTestng.SampleTestNGTest2 -->
