<?xml version="1.0" encoding="UTF-8"?>
<!-- Generated by org.testng.reporters.JUnitReportReporter -->
<testsuite hostname="DESKTOP-QQJG5DE" failures="0" tests="2" name="com.SocietyManagementSystem.testscript.Expenses.Tc_Expenses_15" time="22.485" errors="0" timestamp="2023-01-11T10:58:19 IST" skipped="0">
  <testcase classname="com.SocietyManagementSystem.testscript.Expenses.Tc_Expenses_15" name="Expenses15" time="10.451"/>
  <system-out/>
  <testcase classname="com.SocietyManagementSystem.testscript.Expenses.Tc_Expenses_15" name="Expenses15" time="12.034"/>
  <system-out/>
</testsuite> <!-- com.SocietyManagementSystem.testscript.Expenses.Tc_Expenses_15 -->
