<?xml version="1.0" encoding="UTF-8"?>
<!-- Generated by org.testng.reporters.JUnitReportReporter -->
<testsuite hostname="DESKTOP-QQJG5DE" failures="0" tests="2" name="SamplePracticeTestng.BaseClass" time="42.147" errors="0" timestamp="2023-01-10T11:21:02 IST" skipped="0">
  <testcase classname="SamplePracticeTestng.BaseClass" name="loginToApp1" time="20.815"/>
  <system-out/>
  <testcase classname="SamplePracticeTestng.BaseClass" name="loginToApp1" time="21.332"/>
  <system-out/>
</testsuite> <!-- SamplePracticeTestng.BaseClass -->
