<?xml version="1.0" encoding="UTF-8"?>
<!-- Generated by org.testng.reporters.JUnitReportReporter -->
<testsuite hostname="DESKTOP-QQJG5DE" failures="0" tests="1" name="com.SocietyManagementSystem.testscript.Activities.Tc_Activity_20_Test" time="8.662" errors="0" timestamp="2023-01-11T09:51:13 IST" skipped="0">
  <testcase classname="com.SocietyManagementSystem.testscript.Activities.Tc_Activity_20_Test" name="Activity20" time="8.662"/>
  <system-out/>
</testsuite> <!-- com.SocietyManagementSystem.testscript.Activities.Tc_Activity_20_Test -->
