<?xml version="1.0" encoding="UTF-8"?>
<!-- Generated by org.testng.reporters.JUnitReportReporter -->
<testsuite hostname="DESKTOP-QQJG5DE" failures="0" tests="2" name="SamplePracticeTestng.Demo1DataProvider" time="0.010" errors="0" timestamp="2023-01-08T17:49:07 IST" skipped="0">
  <testcase classname="SamplePracticeTestng.Demo1DataProvider" name="practiceDataProvider" time="0.008"/>
  <system-out/>
  <testcase classname="SamplePracticeTestng.Demo1DataProvider" name="practiceDataProvider" time="0.002"/>
  <system-out/>
</testsuite> <!-- SamplePracticeTestng.Demo1DataProvider -->
