<?xml version="1.0" encoding="UTF-8"?>
<!-- Generated by org.testng.reporters.JUnitReportReporter -->
<testsuite hostname="DESKTOP-QQJG5DE" failures="0" tests="5" name="SamplePracticeTestng.Demo1" time="0.028" errors="0" timestamp="2023-01-06T15:10:11 IST" skipped="0">
  <testcase classname="SamplePracticeTestng.Demo1" name="wakeUp" time="0.016"/>
  <system-out>
    <![CDATA[Wake up]]>
  </system-out>
  <testcase classname="SamplePracticeTestng.Demo1" name="doBrush" time="0.003"/>
  <system-out>
    <![CDATA[Do brush]]>
  </system-out>
  <testcase classname="SamplePracticeTestng.Demo1" name="goTestYantra" time="0.003"/>
  <system-out>
    <![CDATA[Go to Test Yantra]]>
  </system-out>
  <testcase classname="SamplePracticeTestng.Demo1" name="goTestYantra" time="0.003"/>
  <system-out>
    <![CDATA[Go to Test Yantra]]>
  </system-out>
  <testcase classname="SamplePracticeTestng.Demo1" name="goTestYantra" time="0.003"/>
  <system-out>
    <![CDATA[Go to Test Yantra]]>
  </system-out>
</testsuite> <!-- SamplePracticeTestng.Demo1 -->
