<?xml version="1.0" encoding="UTF-8"?>
<!-- Generated by org.testng.reporters.JUnitReportReporter -->
<testsuite hostname="DESKTOP-QQJG5DE" failures="0" tests="4" name="SamplePracticeTestng.SampleTestNGTest3" time="0.014" errors="0" timestamp="2023-01-10T13:02:16 IST" skipped="0">
  <testcase classname="SamplePracticeTestng.SampleTestNGTest3" name="TestScript5" time="0.002"/>
  <system-out/>
  <testcase classname="SamplePracticeTestng.SampleTestNGTest3" name="TestScript6" time="0.004"/>
  <system-out/>
  <testcase classname="SamplePracticeTestng.SampleTestNGTest3" name="TestScript6" time="0.003"/>
  <system-out/>
  <testcase classname="SamplePracticeTestng.SampleTestNGTest3" name="TestScript5" time="0.005"/>
  <system-out/>
</testsuite> <!-- SamplePracticeTestng.SampleTestNGTest3 -->
