<?xml version="1.0" encoding="UTF-8"?>
<!-- Generated by org.testng.reporters.JUnitReportReporter -->
<testsuite hostname="DESKTOP-QQJG5DE" failures="0" tests="4" name="SamplePracticeTestng.SampleTestNGTest4" time="0.038" errors="0" timestamp="2023-01-10T15:08:53 IST" skipped="0">
  <testcase classname="SamplePracticeTestng.SampleTestNGTest4" name="TestScript7" time="0.022"/>
  <system-out/>
  <testcase classname="SamplePracticeTestng.SampleTestNGTest4" name="TestScript8" time="0.006"/>
  <system-out/>
  <testcase classname="SamplePracticeTestng.SampleTestNGTest4" name="TestScript8" time="0.007"/>
  <system-out/>
  <testcase classname="SamplePracticeTestng.SampleTestNGTest4" name="TestScript7" time="0.003"/>
  <system-out/>
</testsuite> <!-- SamplePracticeTestng.SampleTestNGTest4 -->
