<?xml version="1.0" encoding="UTF-8"?>
<!-- Generated by org.testng.reporters.JUnitReportReporter -->
<testsuite hostname="DESKTOP-QQJG5DE" failures="0" tests="3" name="Practice_Package.Demo" time="0.018" errors="0" timestamp="2023-01-06T12:32:07 IST" skipped="0">
  <testcase classname="Practice_Package.Demo" name="createStudent" time="0.013"/>
  <system-out>
    <![CDATA[Student Created]]>
  </system-out>
  <testcase classname="Practice_Package.Demo" name="deleteStudent" time="0.002"/>
  <system-out>
    <![CDATA[Student Deleted]]>
  </system-out>
  <testcase classname="Practice_Package.Demo" name="updateStudent" time="0.003"/>
  <system-out>
    <![CDATA[Student Updated]]>
  </system-out>
</testsuite> <!-- Practice_Package.Demo -->
