<?xml version="1.0" encoding="UTF-8"?>
<!-- Generated by org.testng.reporters.JUnitReportReporter -->
<testsuite hostname="DESKTOP-QQJG5DE" failures="0" tests="3" name="SamplePracticeTestng.AnnotationHirarcy" time="0.017" errors="0" timestamp="2023-01-09T14:09:18 IST" skipped="0">
  <testcase classname="SamplePracticeTestng.AnnotationHirarcy" name="createStudent" time="0.010"/>
  <system-out>
    <![CDATA[Student Created]]>
  </system-out>
  <testcase classname="SamplePracticeTestng.AnnotationHirarcy" name="updateStudent" time="0.003"/>
  <system-out>
    <![CDATA[Student Updated]]>
  </system-out>
  <testcase classname="SamplePracticeTestng.AnnotationHirarcy" name="updateStudent" time="0.004"/>
  <system-out>
    <![CDATA[Student Updated]]>
  </system-out>
</testsuite> <!-- SamplePracticeTestng.AnnotationHirarcy -->
