<?xml version="1.0" encoding="UTF-8"?>
<!-- Generated by org.testng.reporters.JUnitReportReporter -->
<testsuite hostname="DESKTOP-QQJG5DE" failures="0" tests="4" name="SamplePracticeTestng.ReadDataFromExcellByDataProvider" time="0.015" errors="0" timestamp="2023-01-09T12:50:36 IST" skipped="0">
  <testcase classname="SamplePracticeTestng.ReadDataFromExcellByDataProvider" name="readData" time="0.002"/>
  <system-out/>
  <testcase classname="SamplePracticeTestng.ReadDataFromExcellByDataProvider" name="readData" time="0.009"/>
  <system-out/>
  <testcase classname="SamplePracticeTestng.ReadDataFromExcellByDataProvider" name="readData" time="0.002"/>
  <system-out/>
  <testcase classname="SamplePracticeTestng.ReadDataFromExcellByDataProvider" name="readData" time="0.002"/>
  <system-out/>
</testsuite> <!-- SamplePracticeTestng.ReadDataFromExcellByDataProvider -->
