<?xml version="1.0" encoding="UTF-8"?>
<!-- Generated by org.testng.reporters.JUnitReportReporter -->
<testsuite hostname="DESKTOP-QQJG5DE" failures="0" tests="1" name="com.SocietyManagementSystem.testscript.Accounts.Tc_Accounts_05_Test" time="14.957" errors="0" timestamp="2023-01-12T17:23:12 IST" skipped="0">
  <testcase classname="com.SocietyManagementSystem.testscript.Accounts.Tc_Accounts_05_Test" name="Accounts05" time="14.957"/>
  <system-out>
    <![CDATA[Accounts05--------> TestScript Execution Started
Accounts05---->Test script execution Successful]]>
  </system-out>
</testsuite> <!-- com.SocietyManagementSystem.testscript.Accounts.Tc_Accounts_05_Test -->
