<?xml version="1.0" encoding="UTF-8"?>
<!-- Generated by org.testng.reporters.JUnitReportReporter -->
<testsuite hostname="DESKTOP-QQJG5DE" failures="0" tests="4" name="SamplePracticeTestng.SampleTstNGTest1" time="0.031" errors="0" timestamp="2023-01-10T13:02:16 IST" skipped="0">
  <testcase classname="SamplePracticeTestng.SampleTstNGTest1" name="TestScript2" time="0.002"/>
  <system-out/>
  <testcase classname="SamplePracticeTestng.SampleTstNGTest1" name="TestScript1" time="0.013"/>
  <system-out/>
  <testcase classname="SamplePracticeTestng.SampleTstNGTest1" name="TestScript1" time="0.013"/>
  <system-out/>
  <testcase classname="SamplePracticeTestng.SampleTstNGTest1" name="TestScript2" time="0.003"/>
  <system-out/>
</testsuite> <!-- SamplePracticeTestng.SampleTstNGTest1 -->
